{
  "stats": {
    "suites": 1,
    "tests": 1,
    "passes": 1,
    "pending": 0,
    "failures": 0,
    "start": "2024-11-24T14:03:26.937Z",
    "end": "2024-11-24T14:03:32.459Z",
    "duration": 5522,
    "testsRegistered": 1,
    "passPercent": 100,
    "pendingPercent": 0,
    "other": 0,
    "hasOther": false,
    "skipped": 0,
    "hasSkipped": false
  },
  "results": [
    {
      "uuid": "96daa201-f253-4559-b2c3-ff3d0703a1ab",
      "title": "",
      "fullFile": "cypress\\e2e\\cadastroCcorreto.cy.js",
      "file": "cypress\\e2e\\cadastroCcorreto.cy.js",
      "beforeHooks": [],
      "afterHooks": [],
      "tests": [],
      "suites": [
        {
          "uuid": "5fd15284-1791-47e6-90c1-8a1d312b8656",
          "title": "Página de cadastro",
          "fullFile": "",
          "file": "",
          "beforeHooks": [],
          "afterHooks": [],
          "tests": [
            {
              "title": "Deve preencher os campos corretamnete e realizar o cadastro",
              "fullTitle": "Página de cadastro Deve preencher os campos corretamnete e realizar o cadastro",
              "timedOut": null,
              "duration": 3056,
              "state": "passed",
              "speed": "fast",
              "pass": true,
              "fail": false,
              "pending": false,
              "context": null,
              "code": "cy.cadastro('Mateus', 'mateus@gmail.com', 'Senha123');",
              "err": {},
              "uuid": "50505a2c-2195-439f-9be2-e9e6fa49a682",
              "parentUUID": "5fd15284-1791-47e6-90c1-8a1d312b8656",
              "isHook": false,
              "skipped": false
            }
          ],
          "suites": [],
          "passes": [
            "50505a2c-2195-439f-9be2-e9e6fa49a682"
          ],
          "failures": [],
          "pending": [],
          "skipped": [],
          "duration": 3056,
          "root": false,
          "rootEmpty": false,
          "_timeout": 2000
        }
      ],
      "passes": [],
      "failures": [],
      "pending": [],
      "skipped": [],
      "duration": 0,
      "root": true,
      "rootEmpty": true,
      "_timeout": 2000
    }
  ],
  "meta": {
    "mocha": {
      "version": "7.0.1"
    },
    "mochawesome": {
      "options": {
        "quiet": false,
        "reportFilename": "mochawesome",
        "saveHtml": false,
        "saveJson": true,
        "consoleReporter": "spec",
        "useInlineDiffs": false,
        "code": true
      },
      "version": "7.1.3"
    },
    "marge": {
      "options": {
        "reportDir": "cypress/results",
        "overwrite": false,
        "html": false,
        "json": true,
        "timestamp": "mmddyyyy_HHMMss"
      },
      "version": "6.2.0"
    }
  }
}