{
  "stats": {
    "suites": 1,
    "tests": 4,
    "passes": 4,
    "pending": 0,
    "failures": 0,
    "start": "2024-11-29T00:12:39.246Z",
    "end": "2024-11-29T00:12:54.275Z",
    "duration": 15029,
    "testsRegistered": 4,
    "passPercent": 100,
    "pendingPercent": 0,
    "other": 0,
    "hasOther": false,
    "skipped": 0,
    "hasSkipped": false
  },
  "results": [
    {
      "uuid": "e616f320-45f3-452a-839c-e2b9464492ac",
      "title": "",
      "fullFile": "cypress\\e2e\\cadastro-massa.cy.js",
      "file": "cypress\\e2e\\cadastro-massa.cy.js",
      "beforeHooks": [],
      "afterHooks": [],
      "tests": [],
      "suites": [
        {
          "uuid": "a20c5705-834d-4c60-8e34-cfb9ffa1a7da",
          "title": "Página de cadastro",
          "fullFile": "",
          "file": "",
          "beforeHooks": [],
          "afterHooks": [],
          "tests": [
            {
              "title": "Deve preencher dados corretamente e cadastrar novo usuário",
              "fullTitle": "Página de cadastro Deve preencher dados corretamente e cadastrar novo usuário",
              "timedOut": null,
              "duration": 3795,
              "state": "passed",
              "speed": "fast",
              "pass": true,
              "fail": false,
              "pending": false,
              "context": null,
              "code": "cy.get('[data-test=\"input-name\"]').clear().type(usuario.name);\ncy.get('[data-test=\"input-email\"]').clear().type(usuario.email);\ncy.get('[data-test=\"input-password\"]').clear().type(usuario.password);\ncy.get('[data-test=\"input-confirm-password\"]').clear().type(usuario.password);\ncy.get('[data-test=\"submit-button\"]').click();",
              "err": {},
              "uuid": "5cab49bc-b00f-41b1-bb78-4d896b2b3e66",
              "parentUUID": "a20c5705-834d-4c60-8e34-cfb9ffa1a7da",
              "isHook": false,
              "skipped": false
            },
            {
              "title": "Deve preencher dados corretamente e cadastrar novo usuário",
              "fullTitle": "Página de cadastro Deve preencher dados corretamente e cadastrar novo usuário",
              "timedOut": null,
              "duration": 3074,
              "state": "passed",
              "speed": "fast",
              "pass": true,
              "fail": false,
              "pending": false,
              "context": null,
              "code": "cy.get('[data-test=\"input-name\"]').clear().type(usuario.name);\ncy.get('[data-test=\"input-email\"]').clear().type(usuario.email);\ncy.get('[data-test=\"input-password\"]').clear().type(usuario.password);\ncy.get('[data-test=\"input-confirm-password\"]').clear().type(usuario.password);\ncy.get('[data-test=\"submit-button\"]').click();",
              "err": {},
              "uuid": "5d340c22-2848-431a-821a-3e22f1d2a0bb",
              "parentUUID": "a20c5705-834d-4c60-8e34-cfb9ffa1a7da",
              "isHook": false,
              "skipped": false
            },
            {
              "title": "Deve preencher dados corretamente e cadastrar novo usuário",
              "fullTitle": "Página de cadastro Deve preencher dados corretamente e cadastrar novo usuário",
              "timedOut": null,
              "duration": 2549,
              "state": "passed",
              "speed": "fast",
              "pass": true,
              "fail": false,
              "pending": false,
              "context": null,
              "code": "cy.get('[data-test=\"input-name\"]').clear().type(usuario.name);\ncy.get('[data-test=\"input-email\"]').clear().type(usuario.email);\ncy.get('[data-test=\"input-password\"]').clear().type(usuario.password);\ncy.get('[data-test=\"input-confirm-password\"]').clear().type(usuario.password);\ncy.get('[data-test=\"submit-button\"]').click();",
              "err": {},
              "uuid": "e95bcd90-deda-4a92-bfe5-92c35e2f570d",
              "parentUUID": "a20c5705-834d-4c60-8e34-cfb9ffa1a7da",
              "isHook": false,
              "skipped": false
            },
            {
              "title": "Deve preencher dados corretamente e cadastrar novo usuário",
              "fullTitle": "Página de cadastro Deve preencher dados corretamente e cadastrar novo usuário",
              "timedOut": null,
              "duration": 3044,
              "state": "passed",
              "speed": "fast",
              "pass": true,
              "fail": false,
              "pending": false,
              "context": null,
              "code": "cy.get('[data-test=\"input-name\"]').clear().type(usuario.name);\ncy.get('[data-test=\"input-email\"]').clear().type(usuario.email);\ncy.get('[data-test=\"input-password\"]').clear().type(usuario.password);\ncy.get('[data-test=\"input-confirm-password\"]').clear().type(usuario.password);\ncy.get('[data-test=\"submit-button\"]').click();",
              "err": {},
              "uuid": "f6773c3a-c53b-43c7-8605-139fa9686d76",
              "parentUUID": "a20c5705-834d-4c60-8e34-cfb9ffa1a7da",
              "isHook": false,
              "skipped": false
            }
          ],
          "suites": [],
          "passes": [
            "5cab49bc-b00f-41b1-bb78-4d896b2b3e66",
            "5d340c22-2848-431a-821a-3e22f1d2a0bb",
            "e95bcd90-deda-4a92-bfe5-92c35e2f570d",
            "f6773c3a-c53b-43c7-8605-139fa9686d76"
          ],
          "failures": [],
          "pending": [],
          "skipped": [],
          "duration": 12462,
          "root": false,
          "rootEmpty": false,
          "_timeout": 2000
        }
      ],
      "passes": [],
      "failures": [],
      "pending": [],
      "skipped": [],
      "duration": 0,
      "root": true,
      "rootEmpty": true,
      "_timeout": 2000
    }
  ],
  "meta": {
    "mocha": {
      "version": "7.0.1"
    },
    "mochawesome": {
      "options": {
        "quiet": false,
        "reportFilename": "mochawesome",
        "saveHtml": false,
        "saveJson": true,
        "consoleReporter": "spec",
        "useInlineDiffs": false,
        "code": true
      },
      "version": "7.1.3"
    },
    "marge": {
      "options": {
        "reportDir": "cypress/results",
        "overwrite": false,
        "html": false,
        "json": true,
        "timestamp": "mmddyyyy_HHMMss"
      },
      "version": "6.2.0"
    }
  }
}