{
  "stats": {
    "suites": 1,
    "tests": 1,
    "passes": 1,
    "pending": 0,
    "failures": 0,
    "start": "2024-11-24T14:03:36.157Z",
    "end": "2024-11-24T14:03:40.509Z",
    "duration": 4352,
    "testsRegistered": 1,
    "passPercent": 100,
    "pendingPercent": 0,
    "other": 0,
    "hasOther": false,
    "skipped": 0,
    "hasSkipped": false
  },
  "results": [
    {
      "uuid": "979b82bf-be5b-4561-b09b-11a877f29f09",
      "title": "",
      "fullFile": "cypress\\e2e\\cadastroIncorreto.cy.js",
      "file": "cypress\\e2e\\cadastroIncorreto.cy.js",
      "beforeHooks": [],
      "afterHooks": [],
      "tests": [],
      "suites": [
        {
          "uuid": "dcabfa43-1276-426a-8378-69e1d4f9d50b",
          "title": "template spec",
          "fullFile": "",
          "file": "",
          "beforeHooks": [],
          "afterHooks": [],
          "tests": [
            {
              "title": "passes",
              "fullTitle": "template spec passes",
              "timedOut": null,
              "duration": 2399,
              "state": "passed",
              "speed": "fast",
              "pass": true,
              "fail": false,
              "pending": false,
              "context": null,
              "code": "cy.get('[data-test=\"register-button\"]').click();\ncy.get('[data-test=\"input-name\"]').type(' ');\ncy.get('[data-test=\"input-email\"]').type('Mateus');\ncy.get('[data-test=\"input-password\"]').type('123');\ncy.get('[data-test=\"input-confirm-password\"]').type('456');\ncy.get('[data-test=\"submit-button\"]').click();",
              "err": {},
              "uuid": "8bf10d36-d7e5-4a00-8c38-84cc695b4f9b",
              "parentUUID": "dcabfa43-1276-426a-8378-69e1d4f9d50b",
              "isHook": false,
              "skipped": false
            }
          ],
          "suites": [],
          "passes": [
            "8bf10d36-d7e5-4a00-8c38-84cc695b4f9b"
          ],
          "failures": [],
          "pending": [],
          "skipped": [],
          "duration": 2399,
          "root": false,
          "rootEmpty": false,
          "_timeout": 2000
        }
      ],
      "passes": [],
      "failures": [],
      "pending": [],
      "skipped": [],
      "duration": 0,
      "root": true,
      "rootEmpty": true,
      "_timeout": 2000
    }
  ],
  "meta": {
    "mocha": {
      "version": "7.0.1"
    },
    "mochawesome": {
      "options": {
        "quiet": false,
        "reportFilename": "mochawesome",
        "saveHtml": false,
        "saveJson": true,
        "consoleReporter": "spec",
        "useInlineDiffs": false,
        "code": true
      },
      "version": "7.1.3"
    },
    "marge": {
      "options": {
        "reportDir": "cypress/results",
        "overwrite": false,
        "html": false,
        "json": true,
        "timestamp": "mmddyyyy_HHMMss"
      },
      "version": "6.2.0"
    }
  }
}